\BOOKMARK [0][-]{chapter.1}{Aufgabenstellung und Zielsetzung}{}% 1
\BOOKMARK [0][-]{chapter.2}{Einf\374hrung}{}% 2
\BOOKMARK [1][-]{section.2.1}{Die Regeln}{chapter.2}% 3
\BOOKMARK [1][-]{section.2.2}{Begriffserkl\344rung}{chapter.2}% 4
\BOOKMARK [0][-]{chapter.3}{L\366sungsmethoden}{}% 5
\BOOKMARK [1][-]{section.3.1}{Kandidatenlisten}{chapter.3}% 6
\BOOKMARK [1][-]{section.3.2}{Full House}{chapter.3}% 7
\BOOKMARK [1][-]{section.3.3}{Naked Single}{chapter.3}% 8
\BOOKMARK [1][-]{section.3.4}{Hidden Single}{chapter.3}% 9
\BOOKMARK [1][-]{section.3.5}{Pointing Pair / Triple}{chapter.3}% 10
\BOOKMARK [1][-]{section.3.6}{Box-Line Reduction}{chapter.3}% 11
\BOOKMARK [1][-]{section.3.7}{Naked Subset}{chapter.3}% 12
\BOOKMARK [1][-]{section.3.8}{Hidden Subset}{chapter.3}% 13
\BOOKMARK [1][-]{section.3.9}{Fish}{chapter.3}% 14
\BOOKMARK [2][-]{subsection.3.9.1}{X-Wing}{section.3.9}% 15
\BOOKMARK [2][-]{subsection.3.9.2}{Swordfish}{section.3.9}% 16
\BOOKMARK [2][-]{subsection.3.9.3}{Jellyfish}{section.3.9}% 17
\BOOKMARK [1][-]{section.3.10}{Single Digit Patterns}{chapter.3}% 18
\BOOKMARK [2][-]{subsection.3.10.1}{Skyscarper}{section.3.10}% 19
\BOOKMARK [2][-]{subsection.3.10.2}{2-String Kite}{section.3.10}% 20
\BOOKMARK [2][-]{subsection.3.10.3}{Turbot Fish}{section.3.10}% 21
\BOOKMARK [2][-]{subsection.3.10.4}{Empty Rectangle}{section.3.10}% 22
\BOOKMARK [1][-]{section.3.11}{Wings}{chapter.3}% 23
\BOOKMARK [2][-]{subsection.3.11.1}{XY-Wing}{section.3.11}% 24
\BOOKMARK [2][-]{subsection.3.11.2}{XYZ-Wing}{section.3.11}% 25
\BOOKMARK [2][-]{subsection.3.11.3}{W-Wing}{section.3.11}% 26
\BOOKMARK [1][-]{section.3.12}{Sue de Coq}{chapter.3}% 27
\BOOKMARK [1][-]{section.3.13}{Coloring}{chapter.3}% 28
\BOOKMARK [1][-]{section.3.14}{Almost Locked Set}{chapter.3}% 29
\BOOKMARK [2][-]{subsection.3.14.1}{ALS XZ}{section.3.14}% 30
\BOOKMARK [2][-]{subsection.3.14.2}{ALS XY Wing}{section.3.14}% 31
\BOOKMARK [2][-]{subsection.3.14.3}{ALS Chain}{section.3.14}% 32
\BOOKMARK [0][-]{chapter.4}{Merkmalsextrahierung}{}% 33
\BOOKMARK [1][-]{section.4.1}{Allgemeines Vorgehen}{chapter.4}% 34
\BOOKMARK [1][-]{section.4.2}{Entkopplung von konkreten Zahlen}{chapter.4}% 35
\BOOKMARK [0][-]{chapter.5}{Zusammenfassung und Ausblick}{}% 36
